<?xml version="1.0" encoding="UTF-8"?>
<!-- Generated by org.testng.reporters.JUnitXMLReporter -->
<testsuite hostname="Ajad-PC" name="Test" tests="4" failures="0" timestamp="26 Nov 2014 19:29:42 GMT" time="49.942" errors="0">
  <testcase name="TestHomePageHasHeader" time="1.793" classname="org.zapto.ajad.tests.HomePageTests"/>
  <testcase name="TestLoginData" time="9.778" classname="org.zapto.ajad.tests.LoginPageTests"/>
  <testcase name="TestLoginData" time="4.609" classname="org.zapto.ajad.tests.LoginPageTests"/>
  <testcase name="TestLoginData" time="4.149" classname="org.zapto.ajad.tests.LoginPageTests"/>
</testsuite> <!-- Test -->
