<?xml version="1.0" encoding="UTF-8"?>
<testng-results skipped="0" failed="0" total="4" passed="4">
  <reporter-output>
  </reporter-output>
  <suite name="Suite" duration-ms="49942" started-at="2014-11-26T19:28:52Z" finished-at="2014-11-26T19:29:42Z">
    <groups>
    </groups>
    <test name="Test" duration-ms="49942" started-at="2014-11-26T19:28:52Z" finished-at="2014-11-26T19:29:42Z">
      <class name="org.zapto.ajad.tests.HomePageTests">
        <test-method status="PASS" signature="beforeSuite()[pri:0, instance:org.zapto.ajad.tests.HomePageTests@1b3a5eb]" name="beforeSuite" is-config="true" duration-ms="63" started-at="2014-11-26T11:28:52Z" finished-at="2014-11-26T11:28:52Z">
          <reporter-output>
          </reporter-output>
        </test-method> <!-- beforeSuite -->
        <test-method status="PASS" signature="InitWebDriver()[pri:0, instance:org.zapto.ajad.tests.HomePageTests@1b3a5eb]" name="InitWebDriver" is-config="true" duration-ms="29024" started-at="2014-11-26T11:28:52Z" finished-at="2014-11-26T11:29:21Z">
          <reporter-output>
          </reporter-output>
        </test-method> <!-- InitWebDriver -->
        <test-method status="PASS" signature="InitPageObjects()[pri:0, instance:org.zapto.ajad.tests.HomePageTests@1b3a5eb]" name="InitPageObjects" is-config="true" duration-ms="499" started-at="2014-11-26T11:29:21Z" finished-at="2014-11-26T11:29:21Z">
          <reporter-output>
          </reporter-output>
        </test-method> <!-- InitPageObjects -->
        <test-method status="PASS" signature="TestHomePageHasHeader()[pri:0, instance:org.zapto.ajad.tests.HomePageTests@1b3a5eb]" name="TestHomePageHasHeader" duration-ms="1793" started-at="2014-11-26T11:29:21Z" finished-at="2014-11-26T11:29:23Z">
          <reporter-output>
          </reporter-output>
        </test-method> <!-- TestHomePageHasHeader -->
        <test-method status="PASS" signature="TearDown()[pri:0, instance:org.zapto.ajad.tests.HomePageTests@1b3a5eb]" name="TearDown" is-config="true" duration-ms="1313" started-at="2014-11-26T11:29:42Z" finished-at="2014-11-26T11:29:43Z">
          <reporter-output>
          </reporter-output>
        </test-method> <!-- TearDown -->
      </class> <!-- org.zapto.ajad.tests.HomePageTests -->
      <class name="org.zapto.ajad.tests.LoginPageTests">
        <test-method status="PASS" signature="InitWebDriver()[pri:0, instance:org.zapto.ajad.tests.LoginPageTests@fcd774]" name="InitWebDriver" is-config="true" duration-ms="16" started-at="2014-11-26T11:29:23Z" finished-at="2014-11-26T11:29:23Z">
          <reporter-output>
          </reporter-output>
        </test-method> <!-- InitWebDriver -->
        <test-method status="PASS" signature="InitPageObjects()[pri:0, instance:org.zapto.ajad.tests.LoginPageTests@fcd774]" name="InitPageObjects" is-config="true" duration-ms="2" started-at="2014-11-26T11:29:23Z" finished-at="2014-11-26T11:29:23Z">
          <reporter-output>
          </reporter-output>
        </test-method> <!-- InitPageObjects -->
        <test-method status="PASS" signature="TestLoginData(java.lang.String, java.lang.String)[pri:0, instance:org.zapto.ajad.tests.LoginPageTests@fcd774]" name="TestLoginData" duration-ms="9778" started-at="2014-11-26T11:29:23Z" data-provider="DataProvider" finished-at="2014-11-26T11:29:33Z">
          <params>
            <param index="0">
              <value>
                <![CDATA[username]]>
              </value>
            </param>
            <param index="1">
              <value>
                <![CDATA[password]]>
              </value>
            </param>
          </params>
          <reporter-output>
          </reporter-output>
        </test-method> <!-- TestLoginData -->
        <test-method status="PASS" signature="InitWebDriver()[pri:0, instance:org.zapto.ajad.tests.LoginPageTests@fcd774]" name="InitWebDriver" is-config="true" duration-ms="22" started-at="2014-11-26T11:29:33Z" finished-at="2014-11-26T11:29:33Z">
          <reporter-output>
          </reporter-output>
        </test-method> <!-- InitWebDriver -->
        <test-method status="PASS" signature="InitPageObjects()[pri:0, instance:org.zapto.ajad.tests.LoginPageTests@fcd774]" name="InitPageObjects" is-config="true" duration-ms="5" started-at="2014-11-26T11:29:33Z" finished-at="2014-11-26T11:29:33Z">
          <reporter-output>
          </reporter-output>
        </test-method> <!-- InitPageObjects -->
        <test-method status="PASS" signature="TestLoginData(java.lang.String, java.lang.String)[pri:0, instance:org.zapto.ajad.tests.LoginPageTests@fcd774]" name="TestLoginData" duration-ms="4609" started-at="2014-11-26T11:29:33Z" data-provider="DataProvider" finished-at="2014-11-26T11:29:37Z">
          <params>
            <param index="0">
              <value>
                <![CDATA[ajay]]>
              </value>
            </param>
            <param index="1">
              <value>
                <![CDATA[ajay]]>
              </value>
            </param>
          </params>
          <reporter-output>
          </reporter-output>
        </test-method> <!-- TestLoginData -->
        <test-method status="PASS" signature="InitWebDriver()[pri:0, instance:org.zapto.ajad.tests.LoginPageTests@fcd774]" name="InitWebDriver" is-config="true" duration-ms="18" started-at="2014-11-26T11:29:37Z" finished-at="2014-11-26T11:29:38Z">
          <reporter-output>
          </reporter-output>
        </test-method> <!-- InitWebDriver -->
        <test-method status="PASS" signature="InitPageObjects()[pri:0, instance:org.zapto.ajad.tests.LoginPageTests@fcd774]" name="InitPageObjects" is-config="true" duration-ms="6" started-at="2014-11-26T11:29:38Z" finished-at="2014-11-26T11:29:38Z">
          <reporter-output>
          </reporter-output>
        </test-method> <!-- InitPageObjects -->
        <test-method status="PASS" signature="TestLoginData(java.lang.String, java.lang.String)[pri:0, instance:org.zapto.ajad.tests.LoginPageTests@fcd774]" name="TestLoginData" duration-ms="4149" started-at="2014-11-26T11:29:38Z" data-provider="DataProvider" finished-at="2014-11-26T11:29:42Z">
          <params>
            <param index="0">
              <value>
                <![CDATA[advith]]>
              </value>
            </param>
            <param index="1">
              <value>
                <![CDATA[advith]]>
              </value>
            </param>
          </params>
          <reporter-output>
          </reporter-output>
        </test-method> <!-- TestLoginData -->
      </class> <!-- org.zapto.ajad.tests.LoginPageTests -->
    </test> <!-- Test -->
  </suite> <!-- Suite -->
</testng-results>
